<?xml version="1.0" encoding="UTF-8"?>
<testsuite name="com.samples.LogAnalyzerTest" tests="1" skipped="0" failures="0" errors="0" timestamp="2018-06-04T14:24:20" hostname="Mac-mini-de-JCALDERON.local" time="0.003">
  <properties/>
  <testcase name="isValidLogFileNameBadExtensionReturnsFalse" classname="com.samples.LogAnalyzerTest" time="0.003"/>
  <system-out><![CDATA[]]></system-out>
  <system-err><![CDATA[]]></system-err>
</testsuite>
